{
  "RSpec": {
    "coverage": {
      "C:/Sites/CoderTicket/spec/controllers/orders_controller_spec.rb": [
        1,
        null,
        1,
        1,
        1,
        1,
        null,
        null,
        null
      ],
      "C:/Sites/CoderTicket/spec/rails_helper.rb": [
        null,
        1,
        1,
        null,
        1,
        1,
        1,
        null,
        null,
        null,
        null,
        null,
        null,
        null,
        null,
        null,
        null,
        null,
        null,
        null,
        null,
        null,
        null,
        null,
        null,
        null,
        1,
        null,
        1,
        null,
        1,
        null,
        null,
        null,
        null,
        1,
        null,
        null,
        null,
        null,
        null,
        null,
        null,
        null,
        null,
        null,
        null,
        null,
        null,
        null,
        1,
        null,
        null,
        1,
        null,
        null,
        null
      ],
      "C:/Sites/CoderTicket/config/environment.rb": [
        null,
        1,
        null,
        null,
        1
      ],
      "C:/Sites/CoderTicket/config/application.rb": [
        1,
        null,
        1,
        null,
        null,
        null,
        1,
        null,
        1,
        1,
        null,
        null,
        null,
        null,
        null,
        null,
        null,
        null,
        null,
        null,
        null,
        null,
        null,
        null,
        null,
        null
      ],
      "C:/Sites/CoderTicket/config/boot.rb": [
        1,
        null,
        1,
        null,
        null,
        1,
        1,
        1,
        1,
        1,
        0,
        null,
        null,
        null
      ],
      "C:/Sites/CoderTicket/config/environments/test.rb": [
        1,
        null,
        null,
        null,
        null,
        null,
        null,
        1,
        null,
        null,
        null,
        null,
        1,
        null,
        null,
        1,
        1,
        null,
        null,
        1,
        1,
        null,
        null,
        1,
        null,
        null,
        1,
        null,
        null,
        null,
        null,
        1,
        null,
        null,
        1,
        null,
        null,
        1,
        null,
        null,
        null,
        null
      ],
      "C:/Sites/CoderTicket/config/initializers/assets.rb": [
        null,
        null,
        null,
        1,
        null,
        null,
        null,
        null,
        null,
        null,
        null
      ],
      "C:/Sites/CoderTicket/config/initializers/backtrace_silencers.rb": [
        null,
        null,
        null,
        null,
        null,
        null,
        null
      ],
      "C:/Sites/CoderTicket/config/initializers/cookies_serializer.rb": [
        null,
        null,
        1
      ],
      "C:/Sites/CoderTicket/config/initializers/filter_parameter_logging.rb": [
        null,
        null,
        null,
        1
      ],
      "C:/Sites/CoderTicket/config/initializers/inflections.rb": [
        null,
        null,
        null,
        null,
        null,
        null,
        null,
        null,
        null,
        null,
        null,
        null,
        null,
        null,
        null,
        null
      ],
      "C:/Sites/CoderTicket/config/initializers/mime_types.rb": [
        null,
        null,
        null,
        null
      ],
      "C:/Sites/CoderTicket/config/initializers/session_store.rb": [
        null,
        null,
        1
      ],
      "C:/Sites/CoderTicket/config/initializers/simple_form.rb": [
        null,
        1,
        null,
        null,
        null,
        null,
        null,
        1,
        null,
        null,
        null,
        null,
        null,
        null,
        null,
        null,
        null,
        1,
        null,
        null,
        null,
        1,
        null,
        null,
        null,
        null,
        null,
        null,
        null,
        null,
        1,
        null,
        null,
        1,
        null,
        null,
        1,
        null,
        null,
        1,
        null,
        null,
        1,
        1,
        1,
        null,
        null,
        null,
        null,
        null,
        null,
        null,
        null,
        null,
        1,
        null,
        null,
        null,
        null,
        null,
        1,
        null,
        null,
        1,
        null,
        null,
        null,
        null,
        null,
        null,
        null,
        1,
        null,
        null,
        1,
        null,
        null,
        null,
        null,
        null,
        null,
        null,
        null,
        null,
        null,
        null,
        null,
        null,
        null,
        null,
        null,
        null,
        null,
        null,
        null,
        null,
        null,
        null,
        null,
        null,
        null,
        null,
        null,
        null,
        null,
        null,
        null,
        null,
        null,
        null,
        null,
        null,
        null,
        null,
        null,
        null,
        null,
        null,
        null,
        1,
        null,
        null,
        null,
        null,
        null,
        null,
        null,
        null,
        null,
        null,
        null,
        null,
        null,
        null,
        null,
        null,
        null,
        null,
        null,
        null,
        null,
        null,
        null,
        null,
        null,
        null,
        null,
        null,
        null,
        null,
        null,
        null,
        null,
        null,
        null,
        null,
        1,
        null,
        null,
        null,
        null,
        null,
        null,
        null,
        null
      ],
      "C:/Sites/CoderTicket/config/initializers/simple_form_bootstrap.rb": [
        null,
        1,
        1,
        1,
        1,
        null,
        1,
        1,
        1,
        1,
        1,
        1,
        1,
        1,
        null,
        1,
        1,
        1,
        null,
        null,
        1,
        1,
        1,
        1,
        1,
        1,
        null,
        1,
        1,
        1,
        null,
        null,
        1,
        1,
        1,
        null,
        1,
        1,
        null,
        null,
        1,
        1,
        null,
        null,
        1,
        1,
        1,
        1,
        1,
        1,
        1,
        null,
        null,
        1,
        1,
        1,
        1,
        1,
        1,
        1,
        1,
        null,
        1,
        1,
        1,
        1,
        null,
        null,
        null,
        1,
        1,
        1,
        1,
        1,
        1,
        null,
        1,
        1,
        1,
        1,
        null,
        null,
        null,
        1,
        1,
        1,
        null,
        1,
        1,
        1,
        null,
        null,
        1,
        1,
        null,
        null,
        null,
        1,
        1,
        1,
        null,
        1,
        null,
        1,
        1,
        1,
        1,
        null,
        null,
        null,
        1,
        1,
        1,
        1,
        1,
        1,
        1,
        1,
        null,
        1,
        1,
        1,
        null,
        null,
        1,
        1,
        1,
        1,
        1,
        1,
        1,
        1,
        null,
        null,
        null,
        null,
        null,
        null,
        1,
        1,
        null,
        null,
        null,
        null,
        null,
        null,
        null,
        null,
        null
      ],
      "C:/Sites/CoderTicket/config/initializers/wrap_parameters.rb": [
        null,
        null,
        null,
        null,
        null,
        null,
        1,
        2,
        null,
        null,
        null,
        null,
        null,
        null
      ],
      "C:/Sites/CoderTicket/spec/factories/categories.rb": [
        1,
        1,
        1,
        null,
        null
      ],
      "C:/Sites/CoderTicket/spec/factories/events.rb": [
        1,
        1,
        1,
        1,
        1,
        null,
        null,
        null
      ],
      "C:/Sites/CoderTicket/spec/factories/orders.rb": [
        1,
        1,
        1,
        1,
        1,
        1,
        null,
        null
      ],
      "C:/Sites/CoderTicket/spec/factories/regions.rb": [
        1,
        1,
        1,
        null,
        null
      ],
      "C:/Sites/CoderTicket/spec/factories/ticket_items.rb": [
        1,
        1,
        1,
        1,
        1,
        null,
        null
      ],
      "C:/Sites/CoderTicket/spec/factories/ticket_types.rb": [
        1,
        1,
        1,
        1,
        1,
        null,
        null
      ],
      "C:/Sites/CoderTicket/spec/factories/users.rb": [
        1,
        1,
        1,
        1,
        1,
        null,
        null
      ],
      "C:/Sites/CoderTicket/spec/factories/venues.rb": [
        1,
        1,
        1,
        1,
        null,
        null,
        null
      ],
      "C:/Sites/CoderTicket/config/routes.rb": [
        1,
        1,
        null,
        1,
        null,
        1,
        null,
        1,
        1,
        1,
        null,
        1,
        1,
        null,
        1,
        1,
        1,
        null,
        1,
        1,
        1,
        1,
        1,
        1,
        null,
        1,
        null,
        null,
        null,
        null,
        null,
        null,
        null,
        null,
        null,
        null,
        null,
        null,
        null,
        null,
        null,
        null,
        null,
        null,
        null,
        null,
        null,
        null,
        null,
        null,
        null,
        null,
        null,
        null,
        null,
        null,
        null,
        null,
        null,
        null,
        null,
        null,
        null,
        null,
        null,
        null,
        null,
        null,
        null,
        null,
        null,
        null,
        null,
        null,
        null,
        null,
        null,
        null,
        null,
        null,
        null
      ],
      "C:/Sites/CoderTicket/app/helpers/application_helper.rb": [
        1,
        1,
        0,
        null,
        null,
        1,
        null,
        0,
        0,
        null,
        0,
        null,
        null
      ],
      "C:/Sites/CoderTicket/app/helpers/events_helper.rb": [
        1,
        1,
        0,
        null,
        null
      ],
      "C:/Sites/CoderTicket/app/helpers/orders_helper.rb": [
        1,
        null
      ],
      "C:/Sites/CoderTicket/app/helpers/ticket_types_helper.rb": [
        1,
        null
      ],
      "C:/Sites/CoderTicket/app/helpers/tickets_helper.rb": [
        1,
        null
      ],
      "C:/Sites/CoderTicket/app/helpers/users_helper.rb": [
        1,
        null
      ],
      "C:/Sites/CoderTicket/app/helpers/venues_helper.rb": [
        1,
        null
      ],
      "C:/Sites/CoderTicket/app/controllers/orders_controller.rb": [
        1,
        1,
        0,
        0,
        0,
        0,
        0,
        0,
        null,
        null,
        0,
        0,
        0,
        null,
        0,
        null,
        0,
        null,
        0,
        null,
        1,
        1,
        0,
        null,
        null
      ],
      "C:/Sites/CoderTicket/app/controllers/application_controller.rb": [
        1,
        null,
        null,
        1,
        1,
        3,
        null,
        1,
        0,
        0,
        0,
        null,
        null,
        null,
        1,
        0,
        0,
        null,
        null,
        null,
        null,
        1,
        0,
        null,
        null,
        1,
        0,
        null,
        null,
        1,
        0,
        null,
        null,
        1,
        0,
        0,
        null,
        null,
        null,
        1,
        0,
        0,
        null,
        null,
        null
      ],
      "C:/Sites/CoderTicket/spec/controllers/ticket_types_controller_spec.rb": [
        1,
        null,
        1,
        1,
        1,
        1,
        null,
        null,
        null
      ],
      "C:/Sites/CoderTicket/app/controllers/ticket_types_controller.rb": [
        1,
        1,
        0,
        null,
        null,
        1,
        0,
        0,
        0,
        0,
        null,
        0,
        0,
        null,
        null,
        null,
        1,
        1,
        0,
        null,
        null
      ],
      "C:/Sites/CoderTicket/spec/controllers/users_controller_spec.rb": [
        1,
        null,
        1,
        null,
        1,
        1,
        1,
        1,
        1,
        null,
        null,
        null,
        null,
        null,
        null,
        null
      ],
      "C:/Sites/CoderTicket/app/controllers/users_controller.rb": [
        1,
        1,
        1,
        1,
        0,
        0,
        null,
        1,
        null,
        null,
        null,
        null,
        1,
        1,
        1,
        null,
        null,
        null
      ],
      "C:/Sites/CoderTicket/spec/controllers/venues_controller_spec.rb": [
        1,
        null,
        1,
        null,
        1,
        1,
        1,
        1,
        null,
        null,
        null,
        null
      ],
      "C:/Sites/CoderTicket/app/controllers/venues_controller.rb": [
        1,
        1,
        0,
        0,
        0,
        0,
        null,
        0,
        0,
        null,
        null,
        null,
        1,
        1,
        0,
        null,
        null
      ],
      "C:/Sites/CoderTicket/spec/features/search_events_spec.rb": [
        1,
        null,
        1,
        1,
        2,
        2,
        2,
        null,
        2,
        null,
        null,
        null,
        null,
        null,
        null,
        1,
        1,
        null,
        null,
        1,
        1,
        null,
        null,
        null,
        null,
        1,
        null,
        null
      ],
      "C:/Sites/CoderTicket/spec/features/upcoming_events_spec.rb": [
        1,
        null,
        1,
        null,
        1,
        2,
        2,
        2,
        null,
        null,
        1,
        1,
        null,
        null,
        1,
        null,
        null,
        1,
        1,
        null,
        null,
        1,
        null,
        null
      ],
      "C:/Sites/CoderTicket/spec/helpers/orders_helper_spec.rb": [
        1,
        null,
        null,
        null,
        null,
        null,
        null,
        null,
        null,
        null,
        null,
        null,
        1,
        1,
        null
      ],
      "C:/Sites/CoderTicket/spec/helpers/ticket_types_helper_spec.rb": [
        1,
        null,
        null,
        null,
        null,
        null,
        null,
        null,
        null,
        null,
        null,
        null,
        1,
        1,
        null
      ],
      "C:/Sites/CoderTicket/spec/helpers/users_helper_spec.rb": [
        1,
        null,
        null,
        null,
        null,
        null,
        null,
        null,
        null,
        null,
        null,
        null,
        1,
        1,
        null
      ],
      "C:/Sites/CoderTicket/spec/helpers/venues_helper_spec.rb": [
        1,
        null,
        null,
        null,
        null,
        null,
        null,
        null,
        null,
        null,
        null,
        null,
        1,
        1,
        null
      ],
      "C:/Sites/CoderTicket/spec/models/order_spec.rb": [
        1,
        null,
        1,
        1,
        2,
        2,
        2,
        null,
        2,
        null,
        null,
        null,
        null,
        null,
        null,
        1,
        1,
        null,
        null,
        1,
        null,
        null,
        1,
        1,
        1,
        null,
        null
      ],
      "C:/Sites/CoderTicket/app/models/order.rb": [
        1,
        1,
        null,
        1,
        1,
        null,
        1,
        0,
        0,
        0,
        null,
        null,
        null,
        null
      ],
      "C:/Sites/CoderTicket/app/models/application_record.rb": [
        1,
        1,
        null
      ],
      "C:/Sites/CoderTicket/spec/models/ticket_item_spec.rb": [
        1,
        null,
        1,
        1,
        6,
        6,
        6,
        null,
        6,
        null,
        null,
        null,
        null,
        null,
        null,
        1,
        1,
        1,
        1,
        1,
        null,
        null,
        1,
        1,
        1,
        1,
        null,
        null,
        1,
        1,
        1,
        1,
        null,
        null,
        1,
        1,
        1,
        2,
        null,
        null,
        1,
        1,
        1,
        2,
        null,
        null,
        1,
        1,
        1,
        1,
        1,
        null,
        null
      ],
      "C:/Sites/CoderTicket/app/models/ticket_item.rb": [
        1,
        1,
        1,
        null,
        1,
        1,
        1,
        1,
        null,
        1,
        null,
        1,
        6,
        2,
        null,
        null,
        null,
        1,
        1,
        null,
        null,
        null
      ],
      "C:/Sites/CoderTicket/spec/models/ticket_types_spec.rb": [
        1,
        null,
        1,
        1,
        2,
        2,
        2,
        null,
        2,
        null,
        null,
        null,
        null,
        null,
        null,
        1,
        1,
        2,
        null,
        null,
        1,
        1,
        2,
        null,
        null
      ],
      "C:/Sites/CoderTicket/spec/models/user_spec.rb": [
        1,
        null,
        1,
        1,
        null
      ],
      "C:/Sites/CoderTicket/app/models/user.rb": [
        1,
        1,
        1,
        null
      ],
      "C:/Sites/CoderTicket/spec/views/users/create.html.erb_spec.rb": [
        1,
        null,
        1,
        1,
        null
      ],
      "C:/Sites/CoderTicket/spec/views/venues/create.html.erb_spec.rb": [
        1,
        null,
        1,
        1,
        null
      ],
      "C:/Sites/CoderTicket/app/models/region.rb": [
        1,
        1,
        1,
        null
      ],
      "C:/Sites/CoderTicket/app/models/venue.rb": [
        1,
        1,
        1,
        null
      ],
      "C:/Sites/CoderTicket/app/models/category.rb": [
        1,
        1,
        1,
        null
      ],
      "C:/Sites/CoderTicket/app/models/event.rb": [
        1,
        1,
        1,
        1,
        null,
        1,
        1,
        null,
        1,
        2,
        null,
        null,
        1,
        2,
        null,
        null,
        1,
        0,
        null,
        null,
        null
      ],
      "C:/Sites/CoderTicket/app/models/ticket_type.rb": [
        1,
        1,
        null,
        1,
        null,
        1,
        null
      ]
    },
    "timestamp": 1477853783
  }
}
